build/app/intermediates/manifest_merge_blame_file/release/manifest-merger-blame-release-report.txt
1<?xml version="1.0" encoding="utf-8"?>
2<manifest xmlns:android="http://schemas.android.com/apk/res/android"
3    package="com.ruedy.flutter_base_lib"
4    android:versionCode="103"
5    android:versionName="1.0.3" >
6
7    <uses-sdk
8        android:minSdkVersion="21"
8-->src/main/AndroidManifest.xml
9        android:targetSdkVersion="29" />
9-->src/main/AndroidManifest.xml
10    <!--
11         io.flutter.app.FlutterApplication is an android.app.Application that
12         calls FlutterMain.startInitialization(this); in its onCreate method.
13         In most cases you can leave this as-is, but you if you want to provide
14         additional functionality it is fine to subclass or reimplement
15         FlutterApplication and put your custom class here.
16    -->
17
18    <uses-permission android:name="android.permission.INTERNET" />
18-->src/main/AndroidManifest.xml:10:5-67
18-->src/main/AndroidManifest.xml:10:22-64
19    <uses-permission android:name="android.permission.WAKE_LOCK" />
19-->src/main/AndroidManifest.xml:11:5-68
19-->src/main/AndroidManifest.xml:11:22-65
20
21    <uses-feature android:name="android.hardware.camera" />
21-->src/main/AndroidManifest.xml:13:5-60
21-->src/main/AndroidManifest.xml:13:19-57
22    <uses-feature android:name="android.hardware.camera.autofocus" />
22-->src/main/AndroidManifest.xml:14:5-70
22-->src/main/AndroidManifest.xml:14:19-67
23
24    <uses-permission android:name="android.permission.CAMERA" />
24-->src/main/AndroidManifest.xml:15:5-65
24-->src/main/AndroidManifest.xml:15:22-62
25    <uses-permission android:name="android.permission.RECORD_AUDIO" />
25-->src/main/AndroidManifest.xml:16:5-71
25-->src/main/AndroidManifest.xml:16:22-68
26    <uses-permission android:name="android.permission.ACCESS_NETWORK_STATE" />
26-->src/main/AndroidManifest.xml:17:5-79
26-->src/main/AndroidManifest.xml:17:22-76
27    <uses-permission android:name="android.permission.CHANGE_NETWORK_STATE" />
27-->src/main/AndroidManifest.xml:18:5-79
27-->src/main/AndroidManifest.xml:18:22-76
28    <uses-permission android:name="android.permission.MODIFY_AUDIO_SETTINGS" />
28-->src/main/AndroidManifest.xml:19:5-80
28-->src/main/AndroidManifest.xml:19:22-77
29    <uses-permission android:name="android.permission.READ_PHONE_STATE" />
29-->src/main/AndroidManifest.xml:20:5-74
29-->src/main/AndroidManifest.xml:20:22-72
30    <uses-permission android:name="android.permission.WRITE_EXTERNAL_STORAGE" />
30-->src/main/AndroidManifest.xml:21:5-81
30-->src/main/AndroidManifest.xml:21:22-78
31    <uses-permission android:name="android.permission.READ_EXTERNAL_STORAGE" />
31-->src/main/AndroidManifest.xml:22:5-80
31-->src/main/AndroidManifest.xml:22:22-77
32    <uses-permission android:name="android.permission.MANAGE_EXTERNAL_STORAGE" />
32-->src/main/AndroidManifest.xml:23:5-82
32-->src/main/AndroidManifest.xml:23:22-79
33
34    <!-- The Agora SDK requires Bluetooth permissions in case users are using Bluetooth devices. -->
35    <uses-permission android:name="android.permission.BLUETOOTH" />
35-->src/main/AndroidManifest.xml:27:5-68
35-->src/main/AndroidManifest.xml:27:22-65
36    <uses-permission android:name="android.permission.VIBRATE" />
36-->[:flutter_common_plugin] AndroidManifest.xml:12:5-66
36-->[:flutter_common_plugin] AndroidManifest.xml:12:22-63
37    <uses-permission android:name="android.permission.REORDER_TASKS" />
37-->[:flutter_common_plugin] AndroidManifest.xml:13:5-72
37-->[:flutter_common_plugin] AndroidManifest.xml:13:22-69
38    <uses-permission android:name="android.permission.ACCESS_MEDIA_LOCATION" />
38-->[:photo_manager] AndroidManifest.xml:9:5-80
38-->[:photo_manager] AndroidManifest.xml:9:22-77
39
40    <application
40-->src/main/AndroidManifest.xml:30:5-80:19
41        android:name="com.ruedy.flutter_base_lib.JKApplication"
41-->src/main/AndroidManifest.xml:31:9-38
42        android:appComponentFactory="androidx.core.app.CoreComponentFactory"
42-->[androidx.core:core:1.6.0] AndroidManifest.xml:24:18-86
43        android:icon="@mipmap/ic_launcher"
43-->src/main/AndroidManifest.xml:35:9-43
44        android:label="flutter_base_lib"
44-->src/main/AndroidManifest.xml:32:9-41
45        android:requestLegacyExternalStorage="true"
45-->src/main/AndroidManifest.xml:34:9-52
46        android:usesCleartextTraffic="true" >
46-->src/main/AndroidManifest.xml:33:9-44
47        <activity
47-->src/main/AndroidManifest.xml:36:9-64:20
48            android:name="com.ruedy.flutter_base_lib.MainActivity"
48-->src/main/AndroidManifest.xml:37:13-41
49            android:configChanges="orientation|keyboardHidden|keyboard|screenSize|smallestScreenSize|locale|layoutDirection|fontScale|screenLayout|density|uiMode"
49-->src/main/AndroidManifest.xml:40:13-163
50            android:hardwareAccelerated="true"
50-->src/main/AndroidManifest.xml:41:13-47
51            android:launchMode="singleTop"
51-->src/main/AndroidManifest.xml:38:13-43
52            android:theme="@style/LaunchTheme"
52-->src/main/AndroidManifest.xml:39:13-47
53            android:windowSoftInputMode="adjustResize" >
53-->src/main/AndroidManifest.xml:42:13-55
54
55            <!--
56                 Specifies an Android theme to apply to this Activity as soon as
57                 the Android process has started. This theme is visible to the user
58                 while the Flutter UI initializes. After that, this theme continues
59                 to determine the Window background behind the Flutter UI.
60            -->
61            <meta-data
61-->src/main/AndroidManifest.xml:47:13-50:17
62                android:name="io.flutter.embedding.android.NormalTheme"
62-->src/main/AndroidManifest.xml:48:15-70
63                android:resource="@style/NormalTheme" />
63-->src/main/AndroidManifest.xml:49:15-52
64            <!--
65                 Displays an Android View that continues showing the launch screen
66                 Drawable until Flutter paints its first frame, then this splash
67                 screen fades out. A splash screen is useful to avoid any visual
68                 gap between the end of Android's launch screen and the painting of
69                 Flutter's first frame.
70            -->
71            <meta-data
71-->src/main/AndroidManifest.xml:56:13-59:17
72                android:name="io.flutter.embedding.android.SplashScreenDrawable"
72-->src/main/AndroidManifest.xml:57:15-79
73                android:resource="@drawable/launch_background" />
73-->src/main/AndroidManifest.xml:58:15-61
74
75            <intent-filter>
75-->src/main/AndroidManifest.xml:60:13-63:29
76                <action android:name="android.intent.action.MAIN" />
76-->src/main/AndroidManifest.xml:61:17-68
76-->src/main/AndroidManifest.xml:61:25-66
77
78                <category android:name="android.intent.category.LAUNCHER" />
78-->src/main/AndroidManifest.xml:62:17-76
78-->src/main/AndroidManifest.xml:62:27-74
79            </intent-filter>
80        </activity>
81        <!--
82             Don't delete the meta-data below.
83             This is used by the Flutter tool to generate GeneratedPluginRegistrant.java
84        -->
85
86        <activity android:name="com.ruedy.flutter_base_lib.TestActivity" >
86-->src/main/AndroidManifest.xml:68:5-74:16
86-->src/main/AndroidManifest.xml:68:15-43
87
88            <!-- <intent-filter> -->
89            <!-- <action android:name="android.intent.action.MAIN"/> -->
90            <!-- <category android:name="android.intent.category.LAUNCHER"/> -->
91            <!-- </intent-filter> -->
92
93        </activity>
94
95        <meta-data
95-->src/main/AndroidManifest.xml:77:9-79:33
96            android:name="flutterEmbedding"
96-->src/main/AndroidManifest.xml:78:13-44
97            android:value="2" />
97-->src/main/AndroidManifest.xml:79:13-30
98
99        <activity android:name="com.ruedy.flutter_common_plugin.activity.CommonSchemeActivity" >
99-->[:flutter_common_plugin] AndroidManifest.xml:16:9-33:20
99-->[:flutter_common_plugin] AndroidManifest.xml:16:19-95
100
101            <!-- 要想在别的App上能成功调起App，必须添加intent过滤器 -->
102            <!-- 协议部分，随便设置 -->
103            <intent-filter>
103-->[:flutter_common_plugin] AndroidManifest.xml:20:13-32:29
104
105                <!-- 协议部分，随便设置 -->
106                <data
106-->[:flutter_common_plugin] AndroidManifest.xml:23:17-25:54
107                    android:host="mtime"
107-->[:flutter_common_plugin] AndroidManifest.xml:24:21-41
108                    android:scheme="common_plugin" />
108-->[:flutter_common_plugin] AndroidManifest.xml:25:21-51
109                <!-- 下面这几行也必须得设置 -->
110                <category android:name="android.intent.category.DEFAULT" />
110-->[:flutter_common_plugin] AndroidManifest.xml:27:17-76
110-->[:flutter_common_plugin] AndroidManifest.xml:27:27-73
111
112                <action android:name="android.intent.action.VIEW" />
112-->[:flutter_common_plugin] AndroidManifest.xml:29:17-69
112-->[:flutter_common_plugin] AndroidManifest.xml:29:25-66
113
114                <category android:name="android.intent.category.BROWSABLE" />
114-->[:flutter_common_plugin] AndroidManifest.xml:31:17-78
114-->[:flutter_common_plugin] AndroidManifest.xml:31:27-75
115            </intent-filter>
116        </activity>
117
118        <provider
118-->[:multi_image_picker] AndroidManifest.xml:8:9-16:20
119            android:name="com.vitanov.multiimagepicker.MultiImageProvider"
119-->[:multi_image_picker] AndroidManifest.xml:9:13-75
120            android:authorities="com.ruedy.flutter_base_lib.multiFileProvider"
120-->[:multi_image_picker] AndroidManifest.xml:10:13-69
121            android:exported="false"
121-->[:multi_image_picker] AndroidManifest.xml:11:13-37
122            android:grantUriPermissions="true" >
122-->[:multi_image_picker] AndroidManifest.xml:12:13-47
123            <meta-data
123-->[:multi_image_picker] AndroidManifest.xml:13:13-15:67
124                android:name="android.support.FILE_PROVIDER_PATHS"
124-->[:multi_image_picker] AndroidManifest.xml:14:17-67
125                android:resource="@xml/multi_common_file_paths" />
125-->[:multi_image_picker] AndroidManifest.xml:15:17-64
126        </provider>
127
128        <activity
128-->[:url_launcher] AndroidManifest.xml:8:9-11:74
129            android:name="io.flutter.plugins.urllauncher.WebViewActivity"
129-->[:url_launcher] AndroidManifest.xml:9:13-74
130            android:exported="false"
130-->[:url_launcher] AndroidManifest.xml:10:13-37
131            android:theme="@android:style/Theme.NoTitleBar.Fullscreen" />
131-->[:url_launcher] AndroidManifest.xml:11:13-71
132
133        <provider
133-->[com.sangcomz:FishBun:1.0.0-alpha05] AndroidManifest.xml:12:9-20:20
134            android:name="com.sangcomz.fishbun.FishBunFileProvider"
134-->[com.sangcomz:FishBun:1.0.0-alpha05] AndroidManifest.xml:13:13-68
135            android:authorities="com.ruedy.flutter_base_lib.fishbunfileprovider"
135-->[com.sangcomz:FishBun:1.0.0-alpha05] AndroidManifest.xml:14:13-71
136            android:exported="false"
136-->[com.sangcomz:FishBun:1.0.0-alpha05] AndroidManifest.xml:15:13-37
137            android:grantUriPermissions="true" >
137-->[com.sangcomz:FishBun:1.0.0-alpha05] AndroidManifest.xml:16:13-47
138            <meta-data
138-->[:multi_image_picker] AndroidManifest.xml:13:13-15:67
139                android:name="android.support.FILE_PROVIDER_PATHS"
139-->[:multi_image_picker] AndroidManifest.xml:14:17-67
140                android:resource="@xml/provider_paths" />
140-->[:multi_image_picker] AndroidManifest.xml:15:17-64
141        </provider>
142
143        <activity
143-->[com.sangcomz:FishBun:1.0.0-alpha05] AndroidManifest.xml:22:9-25:51
144            android:name="com.sangcomz.fishbun.ui.album.ui.AlbumActivity"
144-->[com.sangcomz:FishBun:1.0.0-alpha05] AndroidManifest.xml:23:13-74
145            android:label="@string/album"
145-->[com.sangcomz:FishBun:1.0.0-alpha05] AndroidManifest.xml:24:13-42
146            android:theme="@style/FishBunTheme" />
146-->[com.sangcomz:FishBun:1.0.0-alpha05] AndroidManifest.xml:25:13-48
147        <activity
147-->[com.sangcomz:FishBun:1.0.0-alpha05] AndroidManifest.xml:26:9-28:51
148            android:name="com.sangcomz.fishbun.ui.picker.PickerActivity"
148-->[com.sangcomz:FishBun:1.0.0-alpha05] AndroidManifest.xml:27:13-73
149            android:theme="@style/FishBunTheme" />
149-->[com.sangcomz:FishBun:1.0.0-alpha05] AndroidManifest.xml:28:13-48
150        <activity
150-->[com.sangcomz:FishBun:1.0.0-alpha05] AndroidManifest.xml:29:9-31:54
151            android:name="com.sangcomz.fishbun.ui.detail.ui.DetailImageActivity"
151-->[com.sangcomz:FishBun:1.0.0-alpha05] AndroidManifest.xml:30:13-81
152            android:theme="@style/DetailViewTheme" />
152-->[com.sangcomz:FishBun:1.0.0-alpha05] AndroidManifest.xml:31:13-51
153    </application>
154
155</manifest>